{
  "stats": {
    "suites": 1,
    "tests": 4,
    "passes": 0,
    "pending": 0,
    "failures": 4,
    "start": "2023-07-02T12:34:34.711Z",
    "end": "2023-07-02T12:35:25.544Z",
    "duration": 50833,
    "testsRegistered": 4,
    "passPercent": 0,
    "pendingPercent": 0,
    "other": 0,
    "hasOther": false,
    "skipped": 0,
    "hasSkipped": false
  },
  "results": [
    {
      "uuid": "2659c5df-79ce-49b4-951b-641ad416f22b",
      "title": "",
      "fullFile": "cypress\\e2e\\examples\\HomePageTest.js",
      "file": "cypress\\e2e\\examples\\HomePageTest.js",
      "beforeHooks": [],
      "afterHooks": [],
      "tests": [],
      "suites": [
        {
          "uuid": "16221d24-792a-4221-8a83-ecfa39264477",
          "title": "Started testing the home page for the QA Click Academy page",
          "fullFile": "",
          "file": "",
          "beforeHooks": [],
          "afterHooks": [],
          "tests": [
            {
              "title": "Closing Alert",
              "fullTitle": "Started testing the home page for the QA Click Academy page Closing Alert",
              "timedOut": null,
              "duration": 12789,
              "state": "failed",
              "speed": null,
              "pass": false,
              "fail": true,
              "pending": false,
              "context": null,
              "code": "const homePageVar = new _angularPageII.default();\n//Clicking on the NO THANKS button\nhomePageVar.getAlertBox().contains('NO THANKS').click();",
              "err": {
                "message": "AssertionError: Timed out retrying after 8000ms: Expected to find element: `.sumome-react-wysiwyg-move-handle`, but never found it.",
                "estack": "AssertionError: Timed out retrying after 8000ms: Expected to find element: `.sumome-react-wysiwyg-move-handle`, but never found it.\n    at angularPageII.getAlertBox (webpack:///./cypress/support/pageObjects/angularPage-II.js:16:18)\n    at Context.eval (webpack:///./cypress/e2e/examples/HomePageTest.js:14:20)",
                "diff": null
              },
              "uuid": "c7e72b78-aff5-41ef-9198-ca4ae3fb98fe",
              "parentUUID": "16221d24-792a-4221-8a83-ecfa39264477",
              "isHook": false,
              "skipped": false
            },
            {
              "title": "Handling Title Text",
              "fullTitle": "Started testing the home page for the QA Click Academy page Handling Title Text",
              "timedOut": null,
              "duration": 11299,
              "state": "failed",
              "speed": null,
              "pass": false,
              "fail": true,
              "pending": false,
              "context": null,
              "code": "const homePageVar = new _angularPageII.default();\nhomePageVar.getTitleBox().contains(\"Featured Courses\");",
              "err": {
                "message": "AssertionError: Timed out retrying after 8000ms: Expected to find element: `.container > .text-center > h2`, but never found it.",
                "estack": "AssertionError: Timed out retrying after 8000ms: Expected to find element: `.container > .text-center > h2`, but never found it.\n    at angularPageII.getTitleBox (webpack:///./cypress/support/pageObjects/angularPage-II.js:7:18)\n    at Context.eval (webpack:///./cypress/e2e/examples/HomePageTest.js:20:20)",
                "diff": null
              },
              "uuid": "ee3c19f7-8e1c-44f9-8f44-4d0a8eb8384d",
              "parentUUID": "16221d24-792a-4221-8a83-ecfa39264477",
              "isHook": false,
              "skipped": false
            },
            {
              "title": "Alert Subscription",
              "fullTitle": "Started testing the home page for the QA Click Academy page Alert Subscription",
              "timedOut": null,
              "duration": 10722,
              "state": "failed",
              "speed": null,
              "pass": false,
              "fail": true,
              "pending": false,
              "context": null,
              "code": "const homePageVar = new _angularPageII.default();\n//Click on 'Subscribe Now' without entering an email-id\nhomePageVar.getAlertBox().contains('Subscribe Now').click();\n//Capturing the error which gets generated and verifying the text\n//Finally, could verify this. Yayy!!\nhomePageVar.getErrorBox().should('have.text', 'This field is required.');",
              "err": {
                "message": "AssertionError: Timed out retrying after 8000ms: Expected to find element: `.sumome-react-wysiwyg-move-handle`, but never found it.",
                "estack": "AssertionError: Timed out retrying after 8000ms: Expected to find element: `.sumome-react-wysiwyg-move-handle`, but never found it.\n    at angularPageII.getAlertBox (webpack:///./cypress/support/pageObjects/angularPage-II.js:16:18)\n    at Context.eval (webpack:///./cypress/e2e/examples/HomePageTest.js:27:20)",
                "diff": null
              },
              "uuid": "009e0d36-d00b-4a70-b9cf-99e0547a71d7",
              "parentUUID": "16221d24-792a-4221-8a83-ecfa39264477",
              "isHook": false,
              "skipped": false
            },
            {
              "title": "Email Subscription Test",
              "fullTitle": "Started testing the home page for the QA Click Academy page Email Subscription Test",
              "timedOut": null,
              "duration": 10600,
              "state": "failed",
              "speed": null,
              "pass": false,
              "fail": true,
              "pending": false,
              "context": null,
              "code": "const homePageVar = new _angularPageII.default();\n//Verifying if the alert exists in the DOM of the page\nhomePageVar.getAlertBox().should('exist');\n//Entering the email\nhomePageVar.getEmailInputBox().type(\"batman@gotham.com\");\n//Click on 'Subscribe Now' and verify if the 'Success' popup opens\nhomePageVar.getAlertBox().contains('Subscribe Now').click();\nhomePageVar.getAlertBox().should('contain', 'Success');\n//Clicking on the Continue button to close the alert\nhomePageVar.getAlertBoxII().should('contain', 'Continue').click();\n//Verifying if the alert does not exist in the DOM of the page\nhomePageVar.getAlertBox().should('not.exist');",
              "err": {
                "message": "AssertionError: Timed out retrying after 8000ms: Expected to find element: `.sumome-react-wysiwyg-move-handle`, but never found it.",
                "estack": "AssertionError: Timed out retrying after 8000ms: Expected to find element: `.sumome-react-wysiwyg-move-handle`, but never found it.\n    at Context.eval (webpack:///./cypress/e2e/examples/HomePageTest.js:39:34)",
                "diff": null
              },
              "uuid": "3c645633-b351-4f60-aaf0-536d7534fdae",
              "parentUUID": "16221d24-792a-4221-8a83-ecfa39264477",
              "isHook": false,
              "skipped": false
            }
          ],
          "suites": [],
          "passes": [],
          "failures": [
            "c7e72b78-aff5-41ef-9198-ca4ae3fb98fe",
            "ee3c19f7-8e1c-44f9-8f44-4d0a8eb8384d",
            "009e0d36-d00b-4a70-b9cf-99e0547a71d7",
            "3c645633-b351-4f60-aaf0-536d7534fdae"
          ],
          "pending": [],
          "skipped": [],
          "duration": 45410,
          "root": false,
          "rootEmpty": false,
          "_timeout": 2000
        }
      ],
      "passes": [],
      "failures": [],
      "pending": [],
      "skipped": [],
      "duration": 0,
      "root": true,
      "rootEmpty": true,
      "_timeout": 2000
    }
  ],
  "meta": {
    "mocha": {
      "version": "7.0.1"
    },
    "mochawesome": {
      "options": {
        "quiet": false,
        "reportFilename": "mochawesome",
        "saveHtml": true,
        "saveJson": true,
        "consoleReporter": "spec",
        "useInlineDiffs": false
      },
      "version": "4.1.0"
    },
    "marge": {
      "options": {
        "overwrite": "true"
      },
      "version": "4.1.0"
    }
  }
}