{
  "stats": {
    "suites": 1,
    "tests": 4,
    "passes": 0,
    "pending": 4,
    "failures": 0,
    "start": "2023-07-04T03:01:54.272Z",
    "end": "2023-07-04T03:02:05.329Z",
    "duration": 11057,
    "testsRegistered": 4,
    "passPercent": null,
    "pendingPercent": 100,
    "other": 0,
    "hasOther": false,
    "skipped": 0,
    "hasSkipped": false
  },
  "results": [
    {
      "uuid": "dc229665-3baa-4b88-9db7-f4d5c4fe3501",
      "title": "",
      "fullFile": "cypress\\e2e\\examples\\HomePageTest.js",
      "file": "cypress\\e2e\\examples\\HomePageTest.js",
      "beforeHooks": [],
      "afterHooks": [],
      "tests": [],
      "suites": [
        {
          "uuid": "a907306a-7b5e-4652-9b20-7104417becc4",
          "title": "Started testing the home page for the QA Click Academy page",
          "fullFile": "",
          "file": "",
          "beforeHooks": [],
          "afterHooks": [],
          "tests": [
            {
              "title": "Closing Alert",
              "fullTitle": "Started testing the home page for the QA Click Academy page Closing Alert",
              "timedOut": null,
              "duration": 3870,
              "state": "pending",
              "speed": null,
              "pass": false,
              "fail": false,
              "pending": true,
              "context": null,
              "code": "this.skip();\nconst homePageVar = new _angularPageII.default();\n//Clicking on the NO THANKS button\nhomePageVar.getAlertBox().contains('NO THANKS').click();",
              "err": {},
              "uuid": "85105035-0e06-41af-94aa-5ebe8a86f69e",
              "parentUUID": "a907306a-7b5e-4652-9b20-7104417becc4",
              "isHook": false,
              "skipped": false
            },
            {
              "title": "Handling Title Text",
              "fullTitle": "Started testing the home page for the QA Click Academy page Handling Title Text",
              "timedOut": null,
              "duration": 981,
              "state": "pending",
              "speed": null,
              "pass": false,
              "fail": false,
              "pending": true,
              "context": null,
              "code": "this.skip();\nconst homePageVar = new _angularPageII.default();\nhomePageVar.getTitleBox().contains(\"Featured Courses\");",
              "err": {},
              "uuid": "004dbfae-1845-40e8-a0ca-4f7e8f76bf16",
              "parentUUID": "a907306a-7b5e-4652-9b20-7104417becc4",
              "isHook": false,
              "skipped": false
            },
            {
              "title": "Alert Subscription",
              "fullTitle": "Started testing the home page for the QA Click Academy page Alert Subscription",
              "timedOut": null,
              "duration": 967,
              "state": "pending",
              "speed": null,
              "pass": false,
              "fail": false,
              "pending": true,
              "context": null,
              "code": "this.skip();\nconst homePageVar = new _angularPageII.default();\n//Click on 'Subscribe Now' without entering an email-id\nhomePageVar.getAlertBox().contains('Subscribe Now').click();\n//Capturing the error which gets generated and verifying the text\n//Finally, could verify this. Yayy!!\nhomePageVar.getErrorBox().should('have.text', 'This field is required.');",
              "err": {},
              "uuid": "f941d02c-edf0-4f30-8823-a747c3125c1b",
              "parentUUID": "a907306a-7b5e-4652-9b20-7104417becc4",
              "isHook": false,
              "skipped": false
            },
            {
              "title": "Email Subscription Test",
              "fullTitle": "Started testing the home page for the QA Click Academy page Email Subscription Test",
              "timedOut": null,
              "duration": 930,
              "state": "pending",
              "speed": null,
              "pass": false,
              "fail": false,
              "pending": true,
              "context": null,
              "code": "this.skip();\nconst homePageVar = new _angularPageII.default();\n//Verifying if the alert exists in the DOM of the page\nhomePageVar.getAlertBox().should('exist');\n//Entering the email\nhomePageVar.getEmailInputBox().type(\"batman@gotham.com\");\n//Click on 'Subscribe Now' and verify if the 'Success' popup opens\nhomePageVar.getAlertBox().contains('Subscribe Now').click();\nhomePageVar.getAlertBox().should('contain', 'Success');\n//Clicking on the Continue button to close the alert\nhomePageVar.getAlertBoxII().should('contain', 'Continue').click();\n//Verifying if the alert does not exist in the DOM of the page\nhomePageVar.getAlertBox().should('not.exist');",
              "err": {},
              "uuid": "34873fb4-3297-4cc9-959b-d97f5a152c4a",
              "parentUUID": "a907306a-7b5e-4652-9b20-7104417becc4",
              "isHook": false,
              "skipped": false
            }
          ],
          "suites": [],
          "passes": [],
          "failures": [],
          "pending": [
            "85105035-0e06-41af-94aa-5ebe8a86f69e",
            "004dbfae-1845-40e8-a0ca-4f7e8f76bf16",
            "f941d02c-edf0-4f30-8823-a747c3125c1b",
            "34873fb4-3297-4cc9-959b-d97f5a152c4a"
          ],
          "skipped": [],
          "duration": 6748,
          "root": false,
          "rootEmpty": false,
          "_timeout": 2000
        }
      ],
      "passes": [],
      "failures": [],
      "pending": [],
      "skipped": [],
      "duration": 0,
      "root": true,
      "rootEmpty": true,
      "_timeout": 2000
    }
  ],
  "meta": {
    "mocha": {
      "version": "7.0.1"
    },
    "mochawesome": {
      "options": {
        "quiet": false,
        "reportFilename": "mochawesome",
        "saveHtml": true,
        "saveJson": true,
        "consoleReporter": "spec",
        "useInlineDiffs": false
      },
      "version": "4.1.0"
    },
    "marge": {
      "options": {
        "overwrite": "true"
      },
      "version": "4.1.0"
    }
  }
}